app/build/intermediates/manifest_merge_blame_file/debug/processDebugMainManifest/manifest-merger-blame-debug-report.txt
1<?xml version="1.0" encoding="utf-8"?>
2<manifest xmlns:android="http://schemas.android.com/apk/res/android"
3    package="com.example.uwtacomaguideapp"
4    android:versionCode="1"
5    android:versionName="1.0" >
6
7    <uses-sdk
8        android:minSdkVersion="24"
9        android:targetSdkVersion="34" />
10
11    <uses-permission android:name="android.permission.ACCESS_COARSE_LOCATION" /> <!-- Include only if your app benefits from precise location access. -->
11-->src\main\AndroidManifest.xml:5:5-81
11-->src\main\AndroidManifest.xml:5:22-78
12    <uses-permission android:name="android.permission.ACCESS_FINE_LOCATION" />
12-->src\main\AndroidManifest.xml:6:5-79
12-->src\main\AndroidManifest.xml:6:22-76
13    <uses-permission android:name="android.permission.INTERNET" />
13-->src\main\AndroidManifest.xml:8:5-83
13-->src\main\AndroidManifest.xml:8:22-64
14
15    <permission
15-->[androidx.core:core:1.9.0] AndroidManifest.xml:22:5-24:47
16        android:name="com.example.uwtacomaguideapp.DYNAMIC_RECEIVER_NOT_EXPORTED_PERMISSION"
16-->[androidx.core:core:1.9.0] AndroidManifest.xml:23:9-81
17        android:protectionLevel="signature" />
17-->[androidx.core:core:1.9.0] AndroidManifest.xml:24:9-44
18
19    <uses-permission android:name="com.example.uwtacomaguideapp.DYNAMIC_RECEIVER_NOT_EXPORTED_PERMISSION" />
19-->[androidx.core:core:1.9.0] AndroidManifest.xml:26:5-97
19-->[androidx.core:core:1.9.0] AndroidManifest.xml:26:22-94
20
21    <application
21-->src\main\AndroidManifest.xml:10:5-62:19
22        android:allowBackup="true"
22-->src\main\AndroidManifest.xml:11:9-35
23        android:appComponentFactory="androidx.core.app.CoreComponentFactory"
23-->[androidx.core:core:1.9.0] AndroidManifest.xml:28:18-86
24        android:dataExtractionRules="@xml/data_extraction_rules"
24-->src\main\AndroidManifest.xml:12:9-65
25        android:debuggable="true"
26        android:extractNativeLibs="false"
27        android:fullBackupContent="@xml/backup_rules"
27-->src\main\AndroidManifest.xml:13:9-54
28        android:icon="@mipmap/ic_launcher"
28-->src\main\AndroidManifest.xml:14:9-43
29        android:label="@string/app_name"
29-->src\main\AndroidManifest.xml:15:9-41
30        android:roundIcon="@mipmap/ic_launcher_round"
30-->src\main\AndroidManifest.xml:16:9-54
31        android:supportsRtl="true"
31-->src\main\AndroidManifest.xml:17:9-35
32        android:testOnly="true"
33        android:theme="@style/Theme.UWTacomaGuideApp" >
33-->src\main\AndroidManifest.xml:18:9-54
34        <activity
34-->src\main\AndroidManifest.xml:20:9-22:40
35            android:name="com.example.uwtacomaguideapp.calendarActivity"
35-->src\main\AndroidManifest.xml:21:13-45
36            android:exported="false" />
36-->src\main\AndroidManifest.xml:22:13-37
37        <activity
37-->src\main\AndroidManifest.xml:23:9-25:40
38            android:name="com.example.uwtacomaguideapp.aboutActivity"
38-->src\main\AndroidManifest.xml:24:13-42
39            android:exported="false" />
39-->src\main\AndroidManifest.xml:25:13-37
40        <activity
40-->src\main\AndroidManifest.xml:26:9-28:40
41            android:name="com.example.uwtacomaguideapp.contactsActivity"
41-->src\main\AndroidManifest.xml:27:13-45
42            android:exported="false" />
42-->src\main\AndroidManifest.xml:28:13-37
43        <activity
43-->src\main\AndroidManifest.xml:29:9-31:40
44            android:name="com.example.uwtacomaguideapp.calenderActivity"
44-->src\main\AndroidManifest.xml:30:13-45
45            android:exported="false" />
45-->src\main\AndroidManifest.xml:31:13-37
46        <activity
46-->src\main\AndroidManifest.xml:32:9-34:40
47            android:name="com.example.uwtacomaguideapp.emailActivity"
47-->src\main\AndroidManifest.xml:33:13-42
48            android:exported="false" />
48-->src\main\AndroidManifest.xml:34:13-37
49        <activity
49-->src\main\AndroidManifest.xml:35:9-37:40
50            android:name="com.example.uwtacomaguideapp.reserveActivity"
50-->src\main\AndroidManifest.xml:36:13-44
51            android:exported="false" />
51-->src\main\AndroidManifest.xml:37:13-37
52        <activity
52-->src\main\AndroidManifest.xml:38:9-40:40
53            android:name="com.example.uwtacomaguideapp.email"
53-->src\main\AndroidManifest.xml:39:13-34
54            android:exported="false" />
54-->src\main\AndroidManifest.xml:40:13-37
55        <activity
55-->src\main\AndroidManifest.xml:41:9-43:40
56            android:name="com.example.uwtacomaguideapp.MainActivity5"
56-->src\main\AndroidManifest.xml:42:13-42
57            android:exported="false" />
57-->src\main\AndroidManifest.xml:43:13-37
58        <activity
58-->src\main\AndroidManifest.xml:44:9-46:40
59            android:name="com.example.uwtacomaguideapp.MainActivity4"
59-->src\main\AndroidManifest.xml:45:13-42
60            android:exported="false" />
60-->src\main\AndroidManifest.xml:46:13-37
61        <activity
61-->src\main\AndroidManifest.xml:47:9-49:40
62            android:name="com.example.uwtacomaguideapp.MainActivity3"
62-->src\main\AndroidManifest.xml:48:13-42
63            android:exported="false" />
63-->src\main\AndroidManifest.xml:49:13-37
64        <activity
64-->src\main\AndroidManifest.xml:50:9-52:40
65            android:name="com.example.uwtacomaguideapp.MainActivity2"
65-->src\main\AndroidManifest.xml:51:13-42
66            android:exported="false" />
66-->src\main\AndroidManifest.xml:52:13-37
67        <activity
67-->src\main\AndroidManifest.xml:53:9-61:20
68            android:name="com.example.uwtacomaguideapp.MainActivity"
68-->src\main\AndroidManifest.xml:54:13-41
69            android:exported="true" >
69-->src\main\AndroidManifest.xml:55:13-36
70            <intent-filter>
70-->src\main\AndroidManifest.xml:56:13-60:29
71                <action android:name="android.intent.action.MAIN" />
71-->src\main\AndroidManifest.xml:57:17-69
71-->src\main\AndroidManifest.xml:57:25-66
72
73                <category android:name="android.intent.category.LAUNCHER" />
73-->src\main\AndroidManifest.xml:59:17-77
73-->src\main\AndroidManifest.xml:59:27-74
74            </intent-filter>
75        </activity>
76        <activity
76-->[com.google.android.gms:play-services-base:18.1.0] AndroidManifest.xml:20:9-22:45
77            android:name="com.google.android.gms.common.api.GoogleApiActivity"
77-->[com.google.android.gms:play-services-base:18.1.0] AndroidManifest.xml:20:19-85
78            android:exported="false"
78-->[com.google.android.gms:play-services-base:18.1.0] AndroidManifest.xml:22:19-43
79            android:theme="@android:style/Theme.Translucent.NoTitleBar" />
79-->[com.google.android.gms:play-services-base:18.1.0] AndroidManifest.xml:21:19-78
80
81        <meta-data
81-->[com.google.android.gms:play-services-basement:18.1.0] AndroidManifest.xml:21:9-23:69
82            android:name="com.google.android.gms.version"
82-->[com.google.android.gms:play-services-basement:18.1.0] AndroidManifest.xml:22:13-58
83            android:value="@integer/google_play_services_version" />
83-->[com.google.android.gms:play-services-basement:18.1.0] AndroidManifest.xml:23:13-66
84
85        <provider
85-->[androidx.emoji2:emoji2:1.2.0] AndroidManifest.xml:24:9-32:20
86            android:name="androidx.startup.InitializationProvider"
86-->[androidx.emoji2:emoji2:1.2.0] AndroidManifest.xml:25:13-67
87            android:authorities="com.example.uwtacomaguideapp.androidx-startup"
87-->[androidx.emoji2:emoji2:1.2.0] AndroidManifest.xml:26:13-68
88            android:exported="false" >
88-->[androidx.emoji2:emoji2:1.2.0] AndroidManifest.xml:27:13-37
89            <meta-data
89-->[androidx.emoji2:emoji2:1.2.0] AndroidManifest.xml:29:13-31:52
90                android:name="androidx.emoji2.text.EmojiCompatInitializer"
90-->[androidx.emoji2:emoji2:1.2.0] AndroidManifest.xml:30:17-75
91                android:value="androidx.startup" />
91-->[androidx.emoji2:emoji2:1.2.0] AndroidManifest.xml:31:17-49
92            <meta-data
92-->[androidx.lifecycle:lifecycle-process:2.6.1] AndroidManifest.xml:29:13-31:52
93                android:name="androidx.lifecycle.ProcessLifecycleInitializer"
93-->[androidx.lifecycle:lifecycle-process:2.6.1] AndroidManifest.xml:30:17-78
94                android:value="androidx.startup" />
94-->[androidx.lifecycle:lifecycle-process:2.6.1] AndroidManifest.xml:31:17-49
95            <meta-data
95-->[androidx.profileinstaller:profileinstaller:1.3.0] AndroidManifest.xml:29:13-31:52
96                android:name="androidx.profileinstaller.ProfileInstallerInitializer"
96-->[androidx.profileinstaller:profileinstaller:1.3.0] AndroidManifest.xml:30:17-85
97                android:value="androidx.startup" />
97-->[androidx.profileinstaller:profileinstaller:1.3.0] AndroidManifest.xml:31:17-49
98        </provider>
99
100        <receiver
100-->[androidx.profileinstaller:profileinstaller:1.3.0] AndroidManifest.xml:34:9-52:20
101            android:name="androidx.profileinstaller.ProfileInstallReceiver"
101-->[androidx.profileinstaller:profileinstaller:1.3.0] AndroidManifest.xml:35:13-76
102            android:directBootAware="false"
102-->[androidx.profileinstaller:profileinstaller:1.3.0] AndroidManifest.xml:36:13-44
103            android:enabled="true"
103-->[androidx.profileinstaller:profileinstaller:1.3.0] AndroidManifest.xml:37:13-35
104            android:exported="true"
104-->[androidx.profileinstaller:profileinstaller:1.3.0] AndroidManifest.xml:38:13-36
105            android:permission="android.permission.DUMP" >
105-->[androidx.profileinstaller:profileinstaller:1.3.0] AndroidManifest.xml:39:13-57
106            <intent-filter>
106-->[androidx.profileinstaller:profileinstaller:1.3.0] AndroidManifest.xml:40:13-42:29
107                <action android:name="androidx.profileinstaller.action.INSTALL_PROFILE" />
107-->[androidx.profileinstaller:profileinstaller:1.3.0] AndroidManifest.xml:41:17-91
107-->[androidx.profileinstaller:profileinstaller:1.3.0] AndroidManifest.xml:41:25-88
108            </intent-filter>
109            <intent-filter>
109-->[androidx.profileinstaller:profileinstaller:1.3.0] AndroidManifest.xml:43:13-45:29
110                <action android:name="androidx.profileinstaller.action.SKIP_FILE" />
110-->[androidx.profileinstaller:profileinstaller:1.3.0] AndroidManifest.xml:44:17-85
110-->[androidx.profileinstaller:profileinstaller:1.3.0] AndroidManifest.xml:44:25-82
111            </intent-filter>
112            <intent-filter>
112-->[androidx.profileinstaller:profileinstaller:1.3.0] AndroidManifest.xml:46:13-48:29
113                <action android:name="androidx.profileinstaller.action.SAVE_PROFILE" />
113-->[androidx.profileinstaller:profileinstaller:1.3.0] AndroidManifest.xml:47:17-88
113-->[androidx.profileinstaller:profileinstaller:1.3.0] AndroidManifest.xml:47:25-85
114            </intent-filter>
115            <intent-filter>
115-->[androidx.profileinstaller:profileinstaller:1.3.0] AndroidManifest.xml:49:13-51:29
116                <action android:name="androidx.profileinstaller.action.BENCHMARK_OPERATION" />
116-->[androidx.profileinstaller:profileinstaller:1.3.0] AndroidManifest.xml:50:17-95
116-->[androidx.profileinstaller:profileinstaller:1.3.0] AndroidManifest.xml:50:25-92
117            </intent-filter>
118        </receiver>
119    </application>
120
121</manifest>